# JRE version: OpenJDK Runtime Environment (8.0_152-b01) (build 1.8.0_152-release-1343-b01)
# Java VM: OpenJDK 64-Bit Server VM (25.152-b01 mixed mode windows-amd64 compressed oops)
Heap:
 PSYoungGen      total 328704K, used 118345K [0x00000000e0000000, 0x00000000f6900000, 0x0000000100000000)
  eden space 293888K, 36% used [0x00000000e0000000,0x00000000e69282f0,0x00000000f1f00000)
  from space 34816K, 30% used [0x00000000f4700000,0x00000000f516a2e0,0x00000000f6900000)
  to   space 37888K, 0% used [0x00000000f1f00000,0x00000000f1f00000,0x00000000f4400000)
 ParOldGen       total 233984K, used 114583K [0x00000000a0000000, 0x00000000ae480000, 0x00000000e0000000)
  object space 233984K, 48% used [0x00000000a0000000,0x00000000a6fe5fe0,0x00000000ae480000)
 Metaspace       used 111181K, capacity 115372K, committed 115608K, reserved 1150976K
  class space    used 13933K, capacity 14756K, committed 14760K, reserved 1048576K
GC Heap History (10 events):
Event: 40.864 GC heap before
{Heap before GC invocations=28 (full 4):
 PSYoungGen      total 290816K, used 262109K [0x00000000e0000000, 0x00000000f4780000, 0x0000000100000000)
  eden space 249344K, 100% used [0x00000000e0000000,0x00000000ef380000,0x00000000ef380000)
  from space 41472K, 30% used [0x00000000ef380000,0x00000000efff7740,0x00000000f1c00000)
  to   space 43008K, 0% used [0x00000000f1c00000,0x00000000f1c00000,0x00000000f4600000)
 ParOldGen       total 233984K, used 89033K [0x00000000a0000000, 0x00000000ae480000, 0x00000000e0000000)
  object space 233984K, 38% used [0x00000000a0000000,0x00000000a56f27e8,0x00000000ae480000)
 Metaspace       used 110325K, capacity 114438K, committed 114584K, reserved 1148928K
  class space    used 13840K, capacity 14637K, committed 14760K, reserved 1048576K
Event: 40.881 GC heap after
Heap after GC invocations=28 (full 4):
 PSYoungGen      total 292352K, used 9387K [0x00000000e0000000, 0x00000000f4780000, 0x0000000100000000)
  eden space 249344K, 0% used [0x00000000e0000000,0x00000000e0000000,0x00000000ef380000)
  from space 43008K, 21% used [0x00000000f1c00000,0x00000000f252aff8,0x00000000f4600000)
  to   space 41472K, 0% used [0x00000000ef380000,0x00000000ef380000,0x00000000f1c00000)
 ParOldGen       total 233984K, used 91975K [0x00000000a0000000, 0x00000000ae480000, 0x00000000e0000000)
  object space 233984K, 39% used [0x00000000a0000000,0x00000000a59d1c50,0x00000000ae480000)
 Metaspace       used 110325K, capacity 114438K, committed 114584K, reserved 1148928K
  class space    used 13840K, capacity 14637K, committed 14760K, reserved 1048576K
}
Event: 41.466 GC heap before
{Heap before GC invocations=29 (full 4):
 PSYoungGen      total 292352K, used 258731K [0x00000000e0000000, 0x00000000f4780000, 0x0000000100000000)
  eden space 249344K, 100% used [0x00000000e0000000,0x00000000ef380000,0x00000000ef380000)
  from space 43008K, 21% used [0x00000000f1c00000,0x00000000f252aff8,0x00000000f4600000)
  to   space 41472K, 0% used [0x00000000ef380000,0x00000000ef380000,0x00000000f1c00000)
 ParOldGen       total 233984K, used 92014K [0x00000000a0000000, 0x00000000ae480000, 0x00000000e0000000)
  object space 233984K, 39% used [0x00000000a0000000,0x00000000a59dba28,0x00000000ae480000)
 Metaspace       used 110366K, capacity 114448K, committed 114584K, reserved 1148928K
  class space    used 13841K, capacity 14638K, committed 14760K, reserved 1048576K
Event: 41.522 GC heap after
Heap after GC invocations=29 (full 4):
 PSYoungGen      total 290816K, used 13031K [0x00000000e0000000, 0x00000000f6c80000, 0x0000000100000000)
  eden space 249344K, 0% used [0x00000000e0000000,0x00000000e0000000,0x00000000ef380000)
  from space 41472K, 31% used [0x00000000ef380000,0x00000000f0039fa8,0x00000000f1c00000)
  to   space 38400K, 0% used [0x00000000f4700000,0x00000000f4700000,0x00000000f6c80000)
 ParOldGen       total 233984K, used 93410K [0x00000000a0000000, 0x00000000ae480000, 0x00000000e0000000)
  object space 233984K, 39% used [0x00000000a0000000,0x00000000a5b38a50,0x00000000ae480000)
 Metaspace       used 110366K, capacity 114448K, committed 114584K, reserved 1148928K
  class space    used 13841K, capacity 14638K, committed 14760K, reserved 1048576K
}
Event: 42.137 GC heap before
{Heap before GC invocations=30 (full 4):
 PSYoungGen      total 290816K, used 262375K [0x00000000e0000000, 0x00000000f6c80000, 0x0000000100000000)
  eden space 249344K, 100% used [0x00000000e0000000,0x00000000ef380000,0x00000000ef380000)
  from space 41472K, 31% used [0x00000000ef380000,0x00000000f0039fa8,0x00000000f1c00000)
  to   space 38400K, 0% used [0x00000000f4700000,0x00000000f4700000,0x00000000f6c80000)
 ParOldGen       total 233984K, used 93412K [0x00000000a0000000, 0x00000000ae480000, 0x00000000e0000000)
  object space 233984K, 39% used [0x00000000a0000000,0x00000000a5b39238,0x00000000ae480000)
 Metaspace       used 110437K, capacity 114516K, committed 114840K, reserved 1148928K
  class space    used 13842K, capacity 14640K, committed 14760K, reserved 1048576K
Event: 42.154 GC heap after
Heap after GC invocations=30 (full 4):
 PSYoungGen      total 328704K, used 7528K [0x00000000e0000000, 0x00000000f6900000, 0x0000000100000000)
  eden space 293888K, 0% used [0x00000000e0000000,0x00000000e0000000,0x00000000f1f00000)
  from space 34816K, 21% used [0x00000000f4700000,0x00000000f4e5a208,0x00000000f6900000)
  to   space 37888K, 0% used [0x00000000f1f00000,0x00000000f1f00000,0x00000000f4400000)
 ParOldGen       total 233984K, used 103693K [0x00000000a0000000, 0x00000000ae480000, 0x00000000e0000000)
  object space 233984K, 44% used [0x00000000a0000000,0x00000000a65434f8,0x00000000ae480000)
 Metaspace       used 110437K, capacity 114516K, committed 114840K, reserved 1148928K
  class space    used 13842K, capacity 14640K, committed 14760K, reserved 1048576K
}
Event: 42.501 GC heap before
{Heap before GC invocations=31 (full 4):
 PSYoungGen      total 328704K, used 301416K [0x00000000e0000000, 0x00000000f6900000, 0x0000000100000000)
  eden space 293888K, 100% used [0x00000000e0000000,0x00000000f1f00000,0x00000000f1f00000)
  from space 34816K, 21% used [0x00000000f4700000,0x00000000f4e5a208,0x00000000f6900000)
  to   space 37888K, 0% used [0x00000000f1f00000,0x00000000f1f00000,0x00000000f4400000)
 ParOldGen       total 233984K, used 103693K [0x00000000a0000000, 0x00000000ae480000, 0x00000000e0000000)
  object space 233984K, 44% used [0x00000000a0000000,0x00000000a65434f8,0x00000000ae480000)
 Metaspace       used 110548K, capacity 114644K, committed 114840K, reserved 1148928K
  class space    used 13843K, capacity 14640K, committed 14760K, reserved 1048576K
Event: 42.514 GC heap after
Heap after GC invocations=31 (full 4):
 PSYoungGen      total 331776K, used 9226K [0x00000000e0000000, 0x00000000f6900000, 0x0000000100000000)
  eden space 293888K, 0% used [0x00000000e0000000,0x00000000e0000000,0x00000000f1f00000)
  from space 37888K, 24% used [0x00000000f1f00000,0x00000000f2802a90,0x00000000f4400000)
  to   space 34816K, 0% used [0x00000000f4700000,0x00000000f4700000,0x00000000f6900000)
 ParOldGen       total 233984K, used 109155K [0x00000000a0000000, 0x00000000ae480000, 0x00000000e0000000)
  object space 233984K, 46% used [0x00000000a0000000,0x00000000a6a98d50,0x00000000ae480000)
 Metaspace       used 110548K, capacity 114644K, committed 114840K, reserved 1148928K
  class space    used 13843K, capacity 14640K, committed 14760K, reserved 1048576K
}
Event: 42.859 GC heap before
{Heap before GC invocations=32 (full 4):
 PSYoungGen      total 331776K, used 303114K [0x00000000e0000000, 0x00000000f6900000, 0x0000000100000000)
  eden space 293888K, 100% used [0x00000000e0000000,0x00000000f1f00000,0x00000000f1f00000)
  from space 37888K, 24% used [0x00000000f1f00000,0x00000000f2802a90,0x00000000f4400000)
  to   space 34816K, 0% used [0x00000000f4700000,0x00000000f4700000,0x00000000f6900000)
 ParOldGen       total 233984K, used 109155K [0x00000000a0000000, 0x00000000ae480000, 0x00000000e0000000)
  object space 233984K, 46% used [0x00000000a0000000,0x00000000a6a98d50,0x00000000ae480000)
 Metaspace       used 111021K, capacity 115220K, committed 115352K, reserved 1150976K
  class space    used 13918K, capacity 14710K, committed 14760K, reserved 1048576K
Event: 42.881 GC heap after
Heap after GC invocations=32 (full 4):
 PSYoungGen      total 328704K, used 10664K [0x00000000e0000000, 0x00000000f6900000, 0x0000000100000000)
  eden space 293888K, 0% used [0x00000000e0000000,0x00000000e0000000,0x00000000f1f00000)
  from space 34816K, 30% used [0x00000000f4700000,0x00000000f516a2e0,0x00000000f6900000)
  to   space 37888K, 0% used [0x00000000f1f00000,0x00000000f1f00000,0x00000000f4400000)
 ParOldGen       total 233984K, used 114583K [0x00000000a0000000, 0x00000000ae480000, 0x00000000e0000000)
  object space 233984K, 48% used [0x00000000a0000000,0x00000000a6fe5fe0,0x00000000ae480000)
 Metaspace       used 111021K, capacity 115220K, committed 115352K, reserved 1150976K
  class space    used 13918K, capacity 14710K, committed 14760K, reserved 1048576K
}

